123
262
270	i
44
270	sum
59
262
91
271	0x0000000a
93
270	data
59
270	sum
61
271	0x00000000
59
270	i
61
271	0x00000000
59
265
40
270	i
60
271	0x0000000a
41
123
268
40
270	data
91
270	i
93
41
59
270	i
61
270	i
43
271	0x00000001
59
125
265
40
270	i
261
271	0x00000000
41
123
262
270	tmp
59
270	i
61
270	i
45
271	0x00000001
59
270	tmp
61
270	data
91
270	i
93
59
263
40
270	tmp
259
271	0x00000000
41
123
270	sum
61
270	sum
43
270	tmp
59
125
264
123
270	sum
61
270	sum
45
270	tmp
59
125
125
269
40
272	sum of absolute values = 
44
270	sum
41
59
125
